<?xml version="1.0" encoding="UTF-8"?>
<!-- Generated by org.testng.reporters.JUnitReportReporter -->
<testsuite hostname="DESKTOP-E69K95O" name="package1.templateOne" tests="1" failures="0" timestamp="19 Feb 2022 15:38:58 GMT" time="0.001" errors="0">
  <testcase name="mainTest" time="0.001" classname="package1.templateOne"/>
</testsuite> <!-- package1.templateOne -->
