<?xml version="1.0" encoding="UTF-8"?>
<!-- Generated by org.testng.reporters.JUnitReportReporter -->
<testsuite hostname="DESKTOP-E69K95O" name="sauceDemoTest.endToEnd" tests="3" failures="0" timestamp="19 Feb 2022 15:38:58 GMT" time="3.387" errors="0">
  <testcase name="checkoutProcess" time="2.523" classname="sauceDemoTest.endToEnd"/>
  <testcase name="loginTest" time="0.552" classname="sauceDemoTest.endToEnd"/>
  <testcase name="addProduct" time="0.312" classname="sauceDemoTest.endToEnd"/>
</testsuite> <!-- sauceDemoTest.endToEnd -->
