<?xml version="1.0" encoding="UTF-8"?>
<!-- Generated by org.testng.reporters.JUnitReportReporter -->
<testsuite hostname="DESKTOP-E69K95O" name="sauceDemoTest.loginValidation" tests="2" failures="0" timestamp="13 Feb 2022 17:24:20 GMT" time="0.200" errors="0">
  <testcase name="enableLoginElements" time="0.091" classname="sauceDemoTest.loginValidation"/>
  <testcase name="displayloginElements" time="0.109" classname="sauceDemoTest.loginValidation"/>
</testsuite> <!-- sauceDemoTest.loginValidation -->
