<?xml version="1.0" encoding="UTF-8"?>
<!-- Generated by org.testng.reporters.JUnitReportReporter -->
<testsuite hostname="DESKTOP-E69K95O" name="package1.templateTwo" tests="2" failures="0" timestamp="13 Feb 2022 17:24:20 GMT" time="0.002" errors="0">
  <testcase name="ctest" time="0.001" classname="package1.templateTwo"/>
  <testcase name="btest" time="0.001" classname="package1.templateTwo"/>
</testsuite> <!-- package1.templateTwo -->
