<?xml version="1.0" encoding="UTF-8"?>
<!-- Generated by org.testng.reporters.JUnitReportReporter -->
<testsuite hostname="DESKTOP-E69K95O" name="sauceDemoTest.endToEnd" tests="3" failures="0" timestamp="12 Feb 2022 19:04:53 GMT" time="3.195" errors="0">
  <testcase name="checkoutProcess" time="2.508" classname="sauceDemoTest.endToEnd"/>
  <testcase name="loginTest" time="0.434" classname="sauceDemoTest.endToEnd"/>
  <testcase name="addProduct" time="0.253" classname="sauceDemoTest.endToEnd"/>
</testsuite> <!-- sauceDemoTest.endToEnd -->
