<?xml version="1.0" encoding="UTF-8"?>
<!-- Generated by org.testng.reporters.JUnitReportReporter -->
<testsuite hostname="DESKTOP-E69K95O" name="sauceDemoTest.testSigmaSignup" tests="1" failures="0" timestamp="19 Feb 2022 15:38:58 GMT" time="0.081" errors="0">
  <testcase name="validateElement" time="0.081" classname="sauceDemoTest.testSigmaSignup"/>
</testsuite> <!-- sauceDemoTest.testSigmaSignup -->
