<?xml version="1.0" encoding="UTF-8"?>
<!-- Generated by org.testng.reporters.JUnitReportReporter -->
<testsuite hostname="DESKTOP-E69K95O" name="sauceDemoTest.dataDrivenLogin" tests="6" failures="0" timestamp="13 Feb 2022 18:32:41 GMT" time="11.585" errors="0">
  <testcase name="LoginTest" time="1.294" classname="sauceDemoTest.dataDrivenLogin"/>
  <testcase name="LoginTest" time="6.202" classname="sauceDemoTest.dataDrivenLogin"/>
  <testcase name="LoginTest" time="1.289" classname="sauceDemoTest.dataDrivenLogin"/>
  <testcase name="LoginTest" time="0.339" classname="sauceDemoTest.dataDrivenLogin"/>
  <testcase name="LoginTest" time="1.238" classname="sauceDemoTest.dataDrivenLogin"/>
  <testcase name="LoginTest" time="1.223" classname="sauceDemoTest.dataDrivenLogin"/>
</testsuite> <!-- sauceDemoTest.dataDrivenLogin -->
