<?xml version="1.0" encoding="UTF-8"?>
<!-- Generated by org.testng.reporters.JUnitReportReporter -->
<testsuite hostname="DESKTOP-E69K95O" name="sauceDemoTest.loginValidation" tests="2" failures="0" timestamp="19 Feb 2022 15:38:58 GMT" time="0.197" errors="0">
  <testcase name="enableLoginElements" time="0.092" classname="sauceDemoTest.loginValidation"/>
  <testcase name="displayloginElements" time="0.105" classname="sauceDemoTest.loginValidation"/>
</testsuite> <!-- sauceDemoTest.loginValidation -->
