<?xml version="1.0" encoding="UTF-8"?>
<!-- Generated by org.testng.reporters.JUnitReportReporter -->
<testsuite hostname="DESKTOP-E69K95O" name="sauceDemoTest.endToEnd" tests="3" failures="0" timestamp="13 Feb 2022 17:24:20 GMT" time="3.248" errors="0">
  <testcase name="checkoutProcess" time="2.510" classname="sauceDemoTest.endToEnd"/>
  <testcase name="loginTest" time="0.329" classname="sauceDemoTest.endToEnd"/>
  <testcase name="addProduct" time="0.409" classname="sauceDemoTest.endToEnd"/>
</testsuite> <!-- sauceDemoTest.endToEnd -->
